---------------------------------------
Begin Slurm Prolog: Mar-03-2025 12:30:18
Job ID:    1499118
User ID:   swright92
Account:   coc
Job name:  cs6210-proj2-mpi_exp
Partition: coc-cpu
QOS:       coc-ice
---------------------------------------
Started on atl1-1-02-012-5-1.pace.gatech.edu with task id 7
Centralized Barrier with Sense Reversal
Avg time: 0.000005
Centralized Barrier with Sense Reversal
Centralized Barrier with Sense Reversal
Centralized Barrier with Sense Reversal
Centralized Barrier with Sense Reversal
Centralized Barrier with Sense Reversal
Centralized Barrier with Sense Reversal
MCS Barrier
MCS Barrier
MCS Barrier
MCS Barrier
MCS Barrier
MCS Barrier
MCS Barrier
Avg time: 0.000006
---------------------------------------
Begin Slurm Epilog: Mar-03-2025 12:30:21
Job ID:        1499118
Array Job ID:  1499077_7
User ID:       swright92
Account:       coc
Job name:      cs6210-proj2-mpi_exp
Resources:     cpu=12,mem=12G,node=12
Rsrc Used:     cput=00:00:36,vmem=0,walltime=00:00:03,mem=8484K,energy_used=0
Partition:     coc-cpu
QOS:           coc-ice
Nodes:         atl1-1-02-012-5-[1-2],atl1-1-02-012-6-[1-2],atl1-1-02-012-7-[1-2],atl1-1-02-012-8-[1-2],atl1-1-02-012-9-[1-2],atl1-1-02-012-10-[1-2]
---------------------------------------
