---------------------------------------
Begin Slurm Prolog: Mar-03-2025 12:29:45
Job ID:    1499100
User ID:   swright92
Account:   coc
Job name:  cs6210-proj2-mpi_exp
Partition: coc-cpu
QOS:       coc-ice
---------------------------------------
Started on atl1-1-02-012-5-1.pace.gatech.edu with task id 5
Centralized Barrier with Sense Reversal
Avg time: 0.000004
Centralized Barrier with Sense Reversal
Centralized Barrier with Sense Reversal
Centralized Barrier with Sense Reversal
Centralized Barrier with Sense Reversal
MCS Barrier
MCS Barrier
MCS Barrier
MCS Barrier
MCS Barrier
Avg time: 0.000004
---------------------------------------
Begin Slurm Epilog: Mar-03-2025 12:30:03
Job ID:        1499100
Array Job ID:  1499077_5
User ID:       swright92
Account:       coc
Job name:      cs6210-proj2-mpi_exp
Resources:     cpu=12,mem=12G,node=12
Rsrc Used:     cput=00:03:36,vmem=0,walltime=00:00:18,mem=8100K,energy_used=0
Partition:     coc-cpu
QOS:           coc-ice
Nodes:         atl1-1-02-012-5-[1-2],atl1-1-02-012-6-[1-2],atl1-1-02-012-7-[1-2],atl1-1-02-012-8-[1-2],atl1-1-02-012-9-[1-2],atl1-1-02-012-10-[1-2]
---------------------------------------
