---------------------------------------
Begin Slurm Prolog: Mar-03-2025 12:27:53
Job ID:    1499045
User ID:   swright92
Account:   coc
Job name:  cs6210-proj2-combined_exp
Partition: coc-cpu
QOS:       coc-ice
---------------------------------------
Started on atl1-1-03-007-19-1.pace.gatech.edu with task id 0 with 2 processors and 2 threads
mpiexec: warning: can't run 2 processes on 8 nodes, setting nnodes to 2
Avg time: 0.000004
---------------------------------------
Begin Slurm Epilog: Mar-03-2025 12:28:07
Job ID:        1499045
Array Job ID:  1499044_0
User ID:       swright92
Account:       coc
Job name:      cs6210-proj2-combined_exp
Resources:     cpu=192,mem=192G,node=8
Rsrc Used:     cput=00:44:48,vmem=0,walltime=00:00:14,mem=8928K,energy_used=0
Partition:     coc-cpu
QOS:           coc-ice
Nodes:         atl1-1-03-007-19-[1-2],atl1-1-03-007-20-[1-2],atl1-1-03-007-21-[1-2],atl1-1-03-007-22-[1-2]
---------------------------------------
