---------------------------------------
Begin Slurm Prolog: Mar-03-2025 12:32:35
Job ID:    1499229
User ID:   swright92
Account:   coc
Job name:  cs6210-proj2-combined_exp
Partition: coc-cpu
QOS:       coc-ice
---------------------------------------
Started on atl1-1-03-007-19-1.pace.gatech.edu with task id 39 with 5 processors and 8 threads
mpiexec: warning: can't run 5 processes on 8 nodes, setting nnodes to 5
Avg time: 0.000006
---------------------------------------
Begin Slurm Epilog: Mar-03-2025 12:32:37
Job ID:        1499229
Array Job ID:  1499044_39
User ID:       swright92
Account:       coc
Job name:      cs6210-proj2-combined_exp
Resources:     cpu=192,mem=192G,node=8
Rsrc Used:     cput=00:06:24,vmem=0,walltime=00:00:02,mem=9224K,energy_used=0
Partition:     coc-cpu
QOS:           coc-ice
Nodes:         atl1-1-03-007-19-[1-2],atl1-1-03-007-20-[1-2],atl1-1-03-007-21-[1-2],atl1-1-03-007-22-[1-2]
---------------------------------------
