---------------------------------------
Begin Slurm Prolog: Mar-03-2025 12:30:36
Job ID:    1499146
User ID:   swright92
Account:   coc
Job name:  cs6210-proj2-combined_exp
Partition: coc-cpu
QOS:       coc-ice
---------------------------------------
Started on atl1-1-03-007-19-1.pace.gatech.edu with task id 23 with 4 processors and 3 threads
mpiexec: warning: can't run 4 processes on 8 nodes, setting nnodes to 4
Avg time: 0.000005
---------------------------------------
Begin Slurm Epilog: Mar-03-2025 12:30:46
Job ID:        1499146
Array Job ID:  1499044_23
User ID:       swright92
Account:       coc
Job name:      cs6210-proj2-combined_exp
Resources:     cpu=192,mem=192G,node=8
Rsrc Used:     cput=00:28:48,vmem=0,walltime=00:00:09,mem=8956K,energy_used=0
Partition:     coc-cpu
QOS:           coc-ice
Nodes:         atl1-1-03-007-19-[1-2],atl1-1-03-007-20-[1-2],atl1-1-03-007-21-[1-2],atl1-1-03-007-22-[1-2]
---------------------------------------
