---------------------------------------
Begin Slurm Prolog: Mar-03-2025 12:30:24
Job ID:    1499127
User ID:   swright92
Account:   coc
Job name:  cs6210-proj2-combined_exp
Partition: coc-cpu
QOS:       coc-ice
---------------------------------------
Started on atl1-1-03-007-19-1.pace.gatech.edu with task id 20 with 3 processors and 11 threads
mpiexec: warning: can't run 3 processes on 8 nodes, setting nnodes to 3
Avg time: 0.000007
---------------------------------------
Begin Slurm Epilog: Mar-03-2025 12:30:26
Job ID:        1499127
Array Job ID:  1499044_20
User ID:       swright92
Account:       coc
Job name:      cs6210-proj2-combined_exp
Resources:     cpu=192,mem=192G,node=8
Rsrc Used:     cput=00:06:24,vmem=0,walltime=00:00:02,mem=9308K,energy_used=0
Partition:     coc-cpu
QOS:           coc-ice
Nodes:         atl1-1-03-007-19-[1-2],atl1-1-03-007-20-[1-2],atl1-1-03-007-21-[1-2],atl1-1-03-007-22-[1-2]
---------------------------------------
