---------------------------------------
Begin Slurm Prolog: Mar-01-2025 02:39:07
Job ID:    1443611
User ID:   swright92
Account:   coc
Job name:  cs6210-proj2-mpi_exp
Partition: coc-cpu
QOS:       coc-ice
---------------------------------------
Started on atl1-1-02-012-5-1.pace.gatech.edu with task id 10
Centralized Barrier with Sense Reversal
Centralized Barrier with Sense Reversal
Centralized Barrier with Sense Reversal
Centralized Barrier with Sense Reversal
Centralized Barrier with Sense Reversal
Centralized Barrier with Sense Reversal
Centralized Barrier with Sense Reversal
Centralized Barrier with Sense Reversal
Centralized Barrier with Sense Reversal
Centralized Barrier with Sense Reversal
Avg time: 0.000007
MCS Barrier
MCS Barrier
MCS Barrier
MCS Barrier
MCS Barrier
MCS Barrier
MCS Barrier
MCS Barrier
MCS Barrier
MCS Barrier
Avg time: 0.000007
---------------------------------------
Begin Slurm Epilog: Mar-01-2025 02:39:12
Job ID:        1443611
Array Job ID:  1443602_10
User ID:       swright92
Account:       coc
Job name:      cs6210-proj2-mpi_exp
Resources:     cpu=12,mem=12G,node=12
Rsrc Used:     cput=00:01:00,vmem=0,walltime=00:00:05,mem=9052K,energy_used=0
Partition:     coc-cpu
QOS:           coc-ice
Nodes:         atl1-1-02-012-5-[1-2],atl1-1-02-012-6-[1-2],atl1-1-02-012-7-[1-2],atl1-1-02-012-8-[1-2],atl1-1-02-012-9-[1-2],atl1-1-02-012-10-[1-2]
---------------------------------------
