---------------------------------------
Begin Slurm Prolog: Mar-03-2025 12:30:18
Job ID:    1499119
User ID:   swright92
Account:   coc
Job name:  cs6210-proj2-omp_exp
Partition: coc-cpu
QOS:       coc-ice
---------------------------------------
Started on atl1-1-02-010-5-2.pace.gatech.edu with task id 6
Centralized Barrier with Sense Reversal
WE ARE STARTING 1 with 6 threads
----------
Avg time: 0.000002
Tournament Barrier
Avg time: 0.000002
---------------------------------------
Begin Slurm Epilog: Mar-03-2025 12:30:19
Job ID:        1499119
Array Job ID:  1499089_6
User ID:       swright92
Account:       coc
Job name:      cs6210-proj2-omp_exp
Resources:     cpu=8,mem=8G,node=1
Rsrc Used:     cput=00:00:08,vmem=0,walltime=00:00:01,mem=8728K,energy_used=0
Partition:     coc-cpu
QOS:           coc-ice
Nodes:         atl1-1-02-010-5-2
---------------------------------------
