---------------------------------------
Begin Slurm Prolog: Mar-03-2025 12:29:47
Job ID:    1499101
User ID:   swright92
Account:   coc
Job name:  cs6210-proj2-omp_exp
Partition: coc-cpu
QOS:       coc-ice
---------------------------------------
Started on atl1-1-02-010-5-2.pace.gatech.edu with task id 4
Centralized Barrier with Sense Reversal
WE ARE STARTING 1 with 4 threads
----------
Avg time: 0.000001
Tournament Barrier
Avg time: 0.000001
---------------------------------------
Begin Slurm Epilog: Mar-03-2025 12:30:09
Job ID:        1499101
Array Job ID:  1499089_4
User ID:       swright92
Account:       coc
Job name:      cs6210-proj2-omp_exp
Resources:     cpu=8,mem=8G,node=1
Rsrc Used:     cput=00:02:56,vmem=0,walltime=00:00:22,mem=8140K,energy_used=0
Partition:     coc-cpu
QOS:           coc-ice
Nodes:         atl1-1-02-010-5-2
---------------------------------------
