---------------------------------------
Begin Slurm Prolog: Mar-03-2025 01:57:44
Job ID:    1492825
User ID:   swright92
Account:   coc
Job name:  cs6210-proj2-omp_exp
Partition: coc-cpu
QOS:       coc-ice
---------------------------------------
Started on atl1-1-02-004-15-2.pace.gatech.edu with task id 2
Centralized Barrier with Sense Reversal
WE ARE STARTING 1 with 2 threads
----------
Avg time: 0.000001
Tournament Barrier
Avg time: 0.000002
---------------------------------------
Begin Slurm Epilog: Mar-03-2025 01:57:46
Job ID:        1492825
Array Job ID:  1492823_2
User ID:       swright92
Account:       coc
Job name:      cs6210-proj2-omp_exp
Resources:     cpu=8,mem=8G,node=1
Rsrc Used:     cput=00:00:24,vmem=0,walltime=00:00:03,mem=8668K,energy_used=0
Partition:     coc-cpu
QOS:           coc-ice
Nodes:         atl1-1-02-004-15-2
---------------------------------------
