---------------------------------------
Begin Slurm Prolog: Mar-03-2025 01:57:44
Job ID:    1492826
User ID:   swright92
Account:   coc
Job name:  cs6210-proj2-omp_exp
Partition: coc-cpu
QOS:       coc-ice
---------------------------------------
Started on atl1-1-02-010-8-1.pace.gatech.edu with task id 3
Centralized Barrier with Sense Reversal
WE ARE STARTING 1 with 3 threads
----------
Avg time: 0.000001
Tournament Barrier
Avg time: 0.000001
---------------------------------------
Begin Slurm Epilog: Mar-03-2025 01:57:46
Job ID:        1492826
Array Job ID:  1492823_3
User ID:       swright92
Account:       coc
Job name:      cs6210-proj2-omp_exp
Resources:     cpu=8,mem=8G,node=1
Rsrc Used:     cput=00:00:24,vmem=0,walltime=00:00:03,mem=8852K,energy_used=0
Partition:     coc-cpu
QOS:           coc-ice
Nodes:         atl1-1-02-010-8-1
---------------------------------------
