---------------------------------------
Begin Slurm Prolog: Mar-03-2025 01:43:42
Job ID:    1492561
User ID:   swright92
Account:   coc
Job name:  cs6210-proj2-combined_exp
Partition: coc-cpu
QOS:       coc-ice
---------------------------------------
Started on atl1-1-03-007-23-1.pace.gatech.edu with task id 17 with 3 processors and 8 threads
mpiexec: warning: can't run 3 processes on 8 nodes, setting nnodes to 3
Avg time: 0.000006
---------------------------------------
Begin Slurm Epilog: Mar-03-2025 01:43:46
Job ID:        1492561
Array Job ID:  1492523_17
User ID:       swright92
Account:       coc
Job name:      cs6210-proj2-combined_exp
Resources:     cpu=192,mem=192G,node=8
Rsrc Used:     cput=00:16:00,vmem=0,walltime=00:00:05,mem=9312K,energy_used=0
Partition:     coc-cpu
QOS:           coc-ice
Nodes:         atl1-1-03-007-23-[1-2],atl1-1-03-007-24-[1-2],atl1-1-03-007-25-[1-2],atl1-1-03-007-26-[1-2]
---------------------------------------
