---------------------------------------
Begin Slurm Prolog: Mar-03-2025 01:47:42
Job ID:    1492608
User ID:   swright92
Account:   coc
Job name:  cs6210-proj2-combined_exp
Partition: coc-cpu
QOS:       coc-ice
---------------------------------------
Started on atl1-1-02-012-11-1.pace.gatech.edu with task id 41 with 5 processors and 10 threads
mpiexec: warning: can't run 5 processes on 8 nodes, setting nnodes to 5
Avg time: 0.000009
---------------------------------------
Begin Slurm Epilog: Mar-03-2025 01:47:51
Job ID:        1492608
Array Job ID:  1492523_41
User ID:       swright92
Account:       coc
Job name:      cs6210-proj2-combined_exp
Resources:     cpu=192,mem=192G,node=8
Rsrc Used:     cput=00:28:48,vmem=0,walltime=00:00:09,mem=9356K,energy_used=0
Partition:     coc-cpu
QOS:           coc-ice
Nodes:         atl1-1-02-012-11-1,atl1-1-03-003-16-[1-2],atl1-1-03-004-5-[1-2],atl1-1-03-007-27-[1-2],atl1-1-03-007-28-1
---------------------------------------
