---------------------------------------
Begin Slurm Prolog: Mar-03-2025 01:56:14
Job ID:    1492702
User ID:   swright92
Account:   coc
Job name:  cs6210-proj2-combined_exp
Partition: coc-cpu
QOS:       coc-ice
---------------------------------------
Started on atl1-1-02-012-11-1.pace.gatech.edu with task id 67 with 8 processors and 3 threads
Avg time: 0.000010
---------------------------------------
Begin Slurm Epilog: Mar-03-2025 01:56:28
Job ID:        1492702
Array Job ID:  1492523_67
User ID:       swright92
Account:       coc
Job name:      cs6210-proj2-combined_exp
Resources:     cpu=192,mem=192G,node=8
Rsrc Used:     cput=00:48:00,vmem=0,walltime=00:00:15,mem=9384K,energy_used=0
Partition:     coc-cpu
QOS:           coc-ice
Nodes:         atl1-1-02-012-11-1,atl1-1-03-003-16-[1-2],atl1-1-03-004-5-[1-2],atl1-1-03-007-27-[1-2],atl1-1-03-007-28-1
---------------------------------------
