---------------------------------------
Begin Slurm Prolog: Mar-03-2025 01:45:42
Job ID:    1492584
User ID:   swright92
Account:   coc
Job name:  cs6210-proj2-combined_exp
Partition: coc-cpu
QOS:       coc-ice
---------------------------------------
Started on atl1-1-03-007-23-1.pace.gatech.edu with task id 29 with 4 processors and 9 threads
mpiexec: warning: can't run 4 processes on 8 nodes, setting nnodes to 4
Avg time: 0.000007
---------------------------------------
Begin Slurm Epilog: Mar-03-2025 01:45:50
Job ID:        1492584
Array Job ID:  1492523_29
User ID:       swright92
Account:       coc
Job name:      cs6210-proj2-combined_exp
Resources:     cpu=192,mem=192G,node=8
Rsrc Used:     cput=00:28:48,vmem=0,walltime=00:00:09,mem=9764K,energy_used=0
Partition:     coc-cpu
QOS:           coc-ice
Nodes:         atl1-1-03-007-23-[1-2],atl1-1-03-007-24-[1-2],atl1-1-03-007-25-[1-2],atl1-1-03-007-26-[1-2]
---------------------------------------
