---------------------------------------
Begin Slurm Prolog: Mar-03-2025 01:56:44
Job ID:    1492710
User ID:   swright92
Account:   coc
Job name:  cs6210-proj2-combined_exp
Partition: coc-cpu
QOS:       coc-ice
---------------------------------------
Started on atl1-1-02-012-7-1.pace.gatech.edu with task id 68 with 8 processors and 4 threads
Avg time: 0.000007
---------------------------------------
Begin Slurm Epilog: Mar-03-2025 01:56:46
Job ID:        1492710
Array Job ID:  1492523_68
User ID:       swright92
Account:       coc
Job name:      cs6210-proj2-combined_exp
Resources:     cpu=192,mem=192G,node=8
Rsrc Used:     cput=00:09:36,vmem=0,walltime=00:00:03,mem=9668K,energy_used=0
Partition:     coc-cpu
QOS:           coc-ice
Nodes:         atl1-1-02-012-7-[1-2],atl1-1-02-012-8-[1-2],atl1-1-02-012-9-[1-2],atl1-1-03-007-27-[1-2]
---------------------------------------
