---------------------------------------
Begin Slurm Prolog: Mar-03-2025 01:45:12
Job ID:    1492578
User ID:   swright92
Account:   coc
Job name:  cs6210-proj2-combined_exp
Partition: coc-cpu
QOS:       coc-ice
---------------------------------------
Started on atl1-1-02-012-11-1.pace.gatech.edu with task id 27 with 4 processors and 7 threads
mpiexec: warning: can't run 4 processes on 8 nodes, setting nnodes to 4
Avg time: 0.000009
---------------------------------------
Begin Slurm Epilog: Mar-03-2025 01:45:14
Job ID:        1492578
Array Job ID:  1492523_27
User ID:       swright92
Account:       coc
Job name:      cs6210-proj2-combined_exp
Resources:     cpu=192,mem=192G,node=8
Rsrc Used:     cput=00:09:36,vmem=0,walltime=00:00:03,mem=9020K,energy_used=0
Partition:     coc-cpu
QOS:           coc-ice
Nodes:         atl1-1-02-012-11-1,atl1-1-03-003-16-[1-2],atl1-1-03-004-5-[1-2],atl1-1-03-007-27-[1-2],atl1-1-03-007-28-1
---------------------------------------
