---------------------------------------
Begin Slurm Prolog: Mar-03-2025 01:51:43
Job ID:    1492660
User ID:   swright92
Account:   coc
Job name:  cs6210-proj2-combined_exp
Partition: coc-cpu
QOS:       coc-ice
---------------------------------------
Started on atl1-1-03-007-23-1.pace.gatech.edu with task id 56 with 7 processors and 3 threads
mpiexec: warning: can't run 7 processes on 8 nodes, setting nnodes to 7
Avg time: 0.000006
---------------------------------------
Begin Slurm Epilog: Mar-03-2025 01:51:46
Job ID:        1492660
Array Job ID:  1492523_56
User ID:       swright92
Account:       coc
Job name:      cs6210-proj2-combined_exp
Resources:     cpu=192,mem=192G,node=8
Rsrc Used:     cput=00:12:48,vmem=0,walltime=00:00:04,mem=9388K,energy_used=0
Partition:     coc-cpu
QOS:           coc-ice
Nodes:         atl1-1-03-007-23-[1-2],atl1-1-03-007-24-[1-2],atl1-1-03-007-25-[1-2],atl1-1-03-007-26-[1-2]
---------------------------------------
