---------------------------------------
Begin Slurm Prolog: Mar-03-2025 01:49:12
Job ID:    1492625
User ID:   swright92
Account:   coc
Job name:  cs6210-proj2-combined_exp
Partition: coc-cpu
QOS:       coc-ice
---------------------------------------
Started on atl1-1-02-012-11-1.pace.gatech.edu with task id 47 with 6 processors and 5 threads
mpiexec: warning: can't run 6 processes on 8 nodes, setting nnodes to 6
Avg time: 0.000009
---------------------------------------
Begin Slurm Epilog: Mar-03-2025 01:49:15
Job ID:        1492625
Array Job ID:  1492523_47
User ID:       swright92
Account:       coc
Job name:      cs6210-proj2-combined_exp
Resources:     cpu=192,mem=192G,node=8
Rsrc Used:     cput=00:09:36,vmem=0,walltime=00:00:03,mem=9812K,energy_used=0
Partition:     coc-cpu
QOS:           coc-ice
Nodes:         atl1-1-02-012-11-1,atl1-1-03-003-16-[1-2],atl1-1-03-004-5-[1-2],atl1-1-03-007-27-[1-2],atl1-1-03-007-28-1
---------------------------------------
