---------------------------------------
Begin Slurm Prolog: Mar-03-2025 01:48:42
Job ID:    1492621
User ID:   swright92
Account:   coc
Job name:  cs6210-proj2-combined_exp
Partition: coc-cpu
QOS:       coc-ice
---------------------------------------
Started on atl1-1-03-007-23-1.pace.gatech.edu with task id 44 with 6 processors and 2 threads
mpiexec: warning: can't run 6 processes on 8 nodes, setting nnodes to 6
Avg time: 0.000005
---------------------------------------
Begin Slurm Epilog: Mar-03-2025 01:48:53
Job ID:        1492621
Array Job ID:  1492523_44
User ID:       swright92
Account:       coc
Job name:      cs6210-proj2-combined_exp
Resources:     cpu=192,mem=192G,node=8
Rsrc Used:     cput=00:35:12,vmem=0,walltime=00:00:11,mem=9536K,energy_used=0
Partition:     coc-cpu
QOS:           coc-ice
Nodes:         atl1-1-03-007-23-[1-2],atl1-1-03-007-24-[1-2],atl1-1-03-007-25-[1-2],atl1-1-03-007-26-[1-2]
---------------------------------------
