---------------------------------------
Begin Slurm Prolog: Mar-03-2025 01:44:11
Job ID:    1492566
User ID:   swright92
Account:   coc
Job name:  cs6210-proj2-combined_exp
Partition: coc-cpu
QOS:       coc-ice
---------------------------------------
Started on atl1-1-03-007-23-1.pace.gatech.edu with task id 20 with 3 processors and 11 threads
mpiexec: warning: can't run 3 processes on 8 nodes, setting nnodes to 3
Avg time: 0.000007
---------------------------------------
Begin Slurm Epilog: Mar-03-2025 01:44:14
Job ID:        1492566
Array Job ID:  1492523_20
User ID:       swright92
Account:       coc
Job name:      cs6210-proj2-combined_exp
Resources:     cpu=192,mem=192G,node=8
Rsrc Used:     cput=00:09:36,vmem=0,walltime=00:00:03,mem=9180K,energy_used=0
Partition:     coc-cpu
QOS:           coc-ice
Nodes:         atl1-1-03-007-23-[1-2],atl1-1-03-007-24-[1-2],atl1-1-03-007-25-[1-2],atl1-1-03-007-26-[1-2]
---------------------------------------
