---------------------------------------
Begin Slurm Prolog: Mar-03-2025 01:42:41
Job ID:    1492542
User ID:   swright92
Account:   coc
Job name:  cs6210-proj2-combined_exp
Partition: coc-cpu
QOS:       coc-ice
---------------------------------------
Started on atl1-1-03-007-23-1.pace.gatech.edu with task id 10 with 2 processors and 12 threads
mpiexec: warning: can't run 2 processes on 8 nodes, setting nnodes to 2
Avg time: 0.000006
---------------------------------------
Begin Slurm Epilog: Mar-03-2025 01:42:46
Job ID:        1492542
Array Job ID:  1492523_10
User ID:       swright92
Account:       coc
Job name:      cs6210-proj2-combined_exp
Resources:     cpu=192,mem=192G,node=8
Rsrc Used:     cput=00:16:00,vmem=0,walltime=00:00:05,mem=8880K,energy_used=0
Partition:     coc-cpu
QOS:           coc-ice
Nodes:         atl1-1-03-007-23-[1-2],atl1-1-03-007-24-[1-2],atl1-1-03-007-25-[1-2],atl1-1-03-007-26-[1-2]
---------------------------------------
