---------------------------------------
Begin Slurm Prolog: Mar-03-2025 01:42:11
Job ID:    1492535
User ID:   swright92
Account:   coc
Job name:  cs6210-proj2-combined_exp
Partition: coc-cpu
QOS:       coc-ice
---------------------------------------
Started on atl1-1-02-012-11-1.pace.gatech.edu with task id 7 with 2 processors and 9 threads
mpiexec: warning: can't run 2 processes on 8 nodes, setting nnodes to 2
Avg time: 0.000008
---------------------------------------
Begin Slurm Epilog: Mar-03-2025 01:42:17
Job ID:        1492535
Array Job ID:  1492523_7
User ID:       swright92
Account:       coc
Job name:      cs6210-proj2-combined_exp
Resources:     cpu=192,mem=192G,node=8
Rsrc Used:     cput=00:19:12,vmem=0,walltime=00:00:06,mem=8708K,energy_used=0
Partition:     coc-cpu
QOS:           coc-ice
Nodes:         atl1-1-02-012-11-1,atl1-1-03-003-16-[1-2],atl1-1-03-004-5-[1-2],atl1-1-03-007-27-[1-2],atl1-1-03-007-28-1
---------------------------------------
